<?xml version="1.0" encoding="UTF-8"?>
<!-- Generated by org.testng.reporters.JUnitReportReporter -->
<testsuite hostname="DESKTOP-EGADVV9" failures="0" tests="4" name="org.testCases.GroupingEx" time="0.027" errors="0" timestamp="2021-11-13T18:27:51 IST" skipped="0">
  <testcase classname="org.testCases.GroupingEx" name="test3" time="0.003"/>
  <system-out/>
  <testcase classname="org.testCases.GroupingEx" name="test4" time="0.011"/>
  <system-out/>
  <testcase classname="org.testCases.GroupingEx" name="test2" time="0.002"/>
  <system-out/>
  <testcase classname="org.testCases.GroupingEx" name="test1" time="0.011"/>
  <system-out/>
</testsuite> <!-- org.testCases.GroupingEx -->
