<?xml version="1.0" encoding="UTF-8"?>
<!-- Generated by org.testng.reporters.JUnitReportReporter -->
<testsuite hostname="DESKTOP-EGADVV9" failures="0" tests="2" name="org.testCases.ParameterEx" time="52.334" errors="0" timestamp="2021-11-13T17:21:13 IST" skipped="0">
  <testcase classname="org.testCases.ParameterEx" name="test" time="46.240"/>
  <system-out/>
  <testcase classname="org.testCases.ParameterEx" name="test" time="6.094"/>
  <system-out/>
</testsuite> <!-- org.testCases.ParameterEx -->
