<?xml version="1.0" encoding="UTF-8"?>
<!-- Generated by org.testng.reporters.JUnitReportReporter -->
<testsuite hostname="DESKTOP-EGADVV9" failures="0" tests="2" name="org.testCases.ParallelExecutionEx" time="14.980" errors="0" timestamp="2021-11-11T12:28:04 IST" skipped="0">
  <testcase classname="org.testCases.ParallelExecutionEx" name="test1" time="6.137"/>
  <system-out/>
  <testcase classname="org.testCases.ParallelExecutionEx" name="test2" time="8.843"/>
  <system-out/>
</testsuite> <!-- org.testCases.ParallelExecutionEx -->
