<?xml version="1.0" encoding="UTF-8"?>
<!-- Generated by org.testng.reporters.JUnitReportReporter -->
<testsuite hostname="DESKTOP-EGADVV9" failures="0" tests="6" name="org.testCases.SequencSynchEx" time="0.021" errors="0" timestamp="2021-11-13T18:59:54 IST" skipped="0">
  <testcase classname="org.testCases.SequencSynchEx" name="Update" time="0.010"/>
  <system-out/>
  <testcase classname="org.testCases.SequencSynchEx" name="Login" time="0.002"/>
  <system-out/>
  <testcase classname="org.testCases.SequencSynchEx" name="password" time="0.001"/>
  <system-out/>
  <testcase classname="org.testCases.SequencSynchEx" name="username" time="0.003"/>
  <system-out/>
  <testcase classname="org.testCases.SequencSynchEx" name="delete" time="0.002"/>
  <system-out/>
  <testcase classname="org.testCases.SequencSynchEx" name="rename" time="0.003"/>
  <system-out/>
</testsuite> <!-- org.testCases.SequencSynchEx -->
