<?xml version="1.0" encoding="UTF-8"?>
<!-- Generated by org.testng.reporters.JUnitReportReporter -->
<testsuite hostname="DESKTOP-EGADVV9" failures="0" tests="3" name="org.testCases.GroupingExecutionAnnpt" time="0.013" errors="0" timestamp="2021-11-15T14:37:39 IST" skipped="0">
  <testcase classname="org.testCases.GroupingExecutionAnnpt" name="jalgaon" time="0.002"/>
  <system-out/>
  <testcase classname="org.testCases.GroupingExecutionAnnpt" name="nagpur" time="0.002"/>
  <system-out/>
  <testcase classname="org.testCases.GroupingExecutionAnnpt" name="Mumbai" time="0.009"/>
  <system-out/>
</testsuite> <!-- org.testCases.GroupingExecutionAnnpt -->
