<?xml version="1.0" encoding="UTF-8"?>
<!-- Generated by org.testng.reporters.JUnitReportReporter -->
<testsuite hostname="DESKTOP-EGADVV9" failures="0" tests="7" name="org.testCases.PrioritiesEx" time="0.022" errors="0" timestamp="2021-11-08T22:09:25 IST" skipped="0">
  <testcase classname="org.testCases.PrioritiesEx" name="Test5" time="0.010"/>
  <system-out/>
  <testcase classname="org.testCases.PrioritiesEx" name="test3" time="0.002"/>
  <system-out/>
  <testcase classname="org.testCases.PrioritiesEx" name="Test4" time="0.003"/>
  <system-out/>
  <testcase classname="org.testCases.PrioritiesEx" name="Test6" time="0.002"/>
  <system-out/>
  <testcase classname="org.testCases.PrioritiesEx" name="Test1" time="0.002"/>
  <system-out/>
  <testcase classname="org.testCases.PrioritiesEx" name="Test3" time="0.002"/>
  <system-out/>
  <testcase classname="org.testCases.PrioritiesEx" name="test2" time="0.001"/>
  <system-out/>
</testsuite> <!-- org.testCases.PrioritiesEx -->
