<?xml version="1.0" encoding="UTF-8"?>
<!-- Generated by org.testng.reporters.JUnitReportReporter -->
<testsuite hostname="DESKTOP-EGADVV9" failures="0" tests="4" name="org.testCases.GroupSynchEx" time="0.016" errors="0" timestamp="2021-11-13T18:59:54 IST" skipped="0">
  <testcase classname="org.testCases.GroupSynchEx" name="test1" time="0.010"/>
  <system-out/>
  <testcase classname="org.testCases.GroupSynchEx" name="test2" time="0.001"/>
  <system-out/>
  <testcase classname="org.testCases.GroupSynchEx" name="test3" time="0.003"/>
  <system-out/>
  <testcase classname="org.testCases.GroupSynchEx" name="test4" time="0.002"/>
  <system-out/>
</testsuite> <!-- org.testCases.GroupSynchEx -->
