<?xml version="1.0" encoding="UTF-8"?>
<!-- Generated by org.testng.reporters.JUnitReportReporter -->
<testsuite hostname="DESKTOP-EGADVV9" failures="0" tests="3" name="org.testCases.InvocationWithThreadpoolEx" time="21.160" errors="0" timestamp="2021-11-11T09:14:05 IST" skipped="0">
  <testcase classname="org.testCases.InvocationWithThreadpoolEx" name="f" time="5.157"/>
  <system-out/>
  <testcase classname="org.testCases.InvocationWithThreadpoolEx" name="f" time="7.964"/>
  <system-out/>
  <testcase classname="org.testCases.InvocationWithThreadpoolEx" name="f" time="8.039"/>
  <system-out/>
</testsuite> <!-- org.testCases.InvocationWithThreadpoolEx -->
