<?xml version="1.0" encoding="UTF-8"?>
<!-- Generated by org.testng.reporters.JUnitReportReporter -->
<testsuite hostname="DESKTOP-EGADVV9" failures="0" tests="6" name="org.testCases.SequenceEx2" time="0.023" errors="0" timestamp="2021-11-13T18:27:51 IST" skipped="0">
  <testcase classname="org.testCases.SequenceEx2" name="rename" time="0.002"/>
  <system-out/>
  <testcase classname="org.testCases.SequenceEx2" name="delete" time="0.002"/>
  <system-out/>
  <testcase classname="org.testCases.SequenceEx2" name="password" time="0.004"/>
  <system-out/>
  <testcase classname="org.testCases.SequenceEx2" name="Login" time="0.011"/>
  <system-out/>
  <testcase classname="org.testCases.SequenceEx2" name="Update" time="0.001"/>
  <system-out/>
  <testcase classname="org.testCases.SequenceEx2" name="username" time="0.003"/>
  <system-out/>
</testsuite> <!-- org.testCases.SequenceEx2 -->
