<?xml version="1.0" encoding="UTF-8"?>
<!-- Generated by org.testng.reporters.JUnitReportReporter -->
<testsuite hostname="DESKTOP-EGADVV9" failures="0" tests="8" name="org.testCases.OpenBrowser2" time="159.191" errors="0" timestamp="2021-11-11T14:55:29 IST" skipped="0">
  <testcase classname="org.testCases.OpenBrowser2" name="test1" time="18.697"/>
  <system-out/>
  <testcase classname="org.testCases.OpenBrowser2" name="test1" time="18.719"/>
  <system-out/>
  <testcase classname="org.testCases.OpenBrowser2" name="test2" time="22.824"/>
  <system-out/>
  <testcase classname="org.testCases.OpenBrowser2" name="test2" time="22.976"/>
  <system-out/>
  <testcase classname="org.testCases.OpenBrowser2" name="test2" time="20.103"/>
  <system-out/>
  <testcase classname="org.testCases.OpenBrowser2" name="test1" time="19.105"/>
  <system-out/>
  <testcase classname="org.testCases.OpenBrowser2" name="test1" time="18.097"/>
  <system-out/>
  <testcase classname="org.testCases.OpenBrowser2" name="test1" time="18.670"/>
  <system-out/>
</testsuite> <!-- org.testCases.OpenBrowser2 -->
