<?xml version="1.0" encoding="UTF-8"?>
<!-- Generated by org.testng.reporters.JUnitReportReporter -->
<testsuite hostname="DESKTOP-EGADVV9" failures="0" tests="2" name="org.testCases.OpenBrowser" time="38.044" errors="0" timestamp="2021-11-15T14:26:01 IST" skipped="0">
  <testcase classname="org.testCases.OpenBrowser" name="test1" time="16.882"/>
  <system-out/>
  <testcase classname="org.testCases.OpenBrowser" name="test2" time="21.162"/>
  <system-out/>
</testsuite> <!-- org.testCases.OpenBrowser -->
