<?xml version="1.0" encoding="UTF-8"?>
<!-- Generated by org.testng.reporters.JUnitReportReporter -->
<testsuite hostname="DESKTOP-EGADVV9" failures="0" tests="2" name="org.testCases.SequenceAnnotationEx3" time="0.012" errors="0" timestamp="2021-11-10T17:36:19 IST" skipped="0">
  <testcase classname="org.testCases.SequenceAnnotationEx3" name="test" time="0.004"/>
  <system-out/>
  <testcase classname="org.testCases.SequenceAnnotationEx3" name="BeforeMethod2" time="0.008"/>
  <system-out/>
</testsuite> <!-- org.testCases.SequenceAnnotationEx3 -->
