<?xml version="1.0" encoding="UTF-8"?>
<!-- Generated by org.testng.reporters.JUnitReportReporter -->
<testsuite hostname="DESKTOP-EGADVV9" failures="0" tests="3" name="org.testCases.BasicEx1" time="0.013" errors="0" timestamp="2021-11-08T21:52:09 IST" skipped="0">
  <testcase classname="org.testCases.BasicEx1" name="test1" time="0.002"/>
  <system-out/>
  <testcase classname="org.testCases.BasicEx1" name="f" time="0.009"/>
  <system-out/>
  <testcase classname="org.testCases.BasicEx1" name="test" time="0.002"/>
  <system-out/>
</testsuite> <!-- org.testCases.BasicEx1 -->
