<?xml version="1.0" encoding="UTF-8"?>
<!-- Generated by org.testng.reporters.JUnitReportReporter -->
<testsuite hostname="DESKTOP-EGADVV9" failures="0" tests="3" name="org.testCases.SequenceEx3" time="19.728" errors="0" timestamp="2021-11-10T21:37:09 IST" skipped="0">
  <testcase classname="org.testCases.SequenceEx3" name="f" time="5.124"/>
  <system-out/>
  <testcase classname="org.testCases.SequenceEx3" name="f" time="6.714"/>
  <system-out/>
  <testcase classname="org.testCases.SequenceEx3" name="f" time="7.890"/>
  <system-out/>
</testsuite> <!-- org.testCases.SequenceEx3 -->
